<?xml version="1.0" encoding="UTF-8"?>
<testsuite xmlns:xsi="http://www.w3.org/2001/XMLSchema-instance" xsi:noNamespaceSchemaLocation="https://maven.apache.org/surefire/maven-surefire-plugin/xsd/surefire-test-report-3.0.xsd" version="3.0" name="school21.spring.service.services.UsersServiceImplTest" time="0.938" tests="11" errors="0" skipped="0" failures="0">
  <properties>
[...]
</properties>
  <testcase name="usersServiceNullTest" classname="school21.spring.service.services.UsersServiceImplTest" time="0.587">
    <system-err><![CDATA[SLF4J: Failed to load class "org.slf4j.impl.StaticLoggerBinder".
SLF4J: Defaulting to no-operation (NOP) logger implementation
SLF4J: See http://www.slf4j.org/codes.html#StaticLoggerBinder for further details.
]]></system-err>
  </testcase>
  <testcase name="usersServiceExceptionTest(String)[1]" classname="school21.spring.service.services.UsersServiceImplTest" time="0.1"/>
  <testcase name="usersServiceExceptionTest(String)[2]" classname="school21.spring.service.services.UsersServiceImplTest" time="0.026"/>
  <testcase name="usersServiceExceptionTest(String)[3]" classname="school21.spring.service.services.UsersServiceImplTest" time="0.026"/>
  <testcase name="usersServiceExceptionTest(String)[4]" classname="school21.spring.service.services.UsersServiceImplTest" time="0.023"/>
  <testcase name="usersServiceExceptionTest(String)[5]" classname="school21.spring.service.services.UsersServiceImplTest" time="0.024"/>
  <testcase name="usersServiceSuccessTest(String)[1]" classname="school21.spring.service.services.UsersServiceImplTest" time="0.02"/>
  <testcase name="usersServiceSuccessTest(String)[2]" classname="school21.spring.service.services.UsersServiceImplTest" time="0.021"/>
  <testcase name="usersServiceSuccessTest(String)[3]" classname="school21.spring.service.services.UsersServiceImplTest" time="0.022"/>
  <testcase name="usersServiceSuccessTest(String)[4]" classname="school21.spring.service.services.UsersServiceImplTest" time="0.02"/>
  <testcase name="usersServiceSuccessTest(String)[5]" classname="school21.spring.service.services.UsersServiceImplTest" time="0.019"/>
</testsuite>